{"details": {"message": "Unexpected server error", "details": {"error": "local variable 'transaction_id' referenced before assignment", "path": "/wallet/confirm-withdraw"}}, "event": "Admin Alert", "timestamp": "2025-08-11T08:31:45.339483Z", "level": "error", "logger": "alert"}
{"details": {"message": "Unexpected server error", "details": {"error": "local variable 'transaction_id' referenced before assignment", "path": "/wallet/confirm-withdraw"}}, "event": "Admin Alert", "timestamp": "2025-08-11T08:33:03.186353Z", "level": "error", "logger": "alert"}
{"details": {"message": "Unexpected server error", "details": {"error": "type object 'cairo.Status' has no attribute 'HTTP_500_INTERNAL_SERVER_ERROR'", "path": "/wallet/request-otp"}}, "event": "Admin Alert", "timestamp": "2025-08-11T08:41:14.593869Z", "level": "error", "logger": "alert"}
{"details": {"message": "Unexpected server error", "details": {"error": "cairo.Status.SUCCESS", "path": "/wallet/request-otp"}}, "event": "Admin Alert", "timestamp": "2025-08-11T08:42:33.640594Z", "level": "error", "logger": "alert"}
{"details": {"message": "OTP request failed", "details": {"error": "type object 'cairo.Status' has no attribute 'HTTP_400_BAD_REQUEST'"}}, "event": "Admin Alert", "timestamp": "2025-08-11T08:43:35.585002Z", "level": "error", "logger": "alert"}
{"details": {"message": "OTP request failed", "details": {"error": "type object 'cairo.Status' has no attribute 'HTTP_200_OK'"}}, "event": "Admin Alert", "timestamp": "2025-08-11T08:51:05.367211Z", "level": "error", "logger": "alert"}
{"details": {"message": "OTP request failed", "details": {"error": "type object 'cairo.Status' has no attribute 'HTTP_200_OK'"}}, "event": "Admin Alert", "timestamp": "2025-08-11T08:53:33.082686Z", "level": "error", "logger": "alert"}
{"details": {"message": "Unexpected server error", "details": {"error": "local variable 'transaction_id' referenced before assignment", "path": "/wallet/confirm-withdraw"}}, "event": "Admin Alert", "timestamp": "2025-08-11T08:59:33.344522Z", "level": "error", "logger": "alert"}
{"details": {"message": "Unexpected server error", "details": {"error": "local variable 'transaction_id' referenced before assignment", "path": "/wallet/confirm-withdraw"}}, "event": "Admin Alert", "timestamp": "2025-08-11T09:05:59.703011Z", "level": "error", "logger": "alert"}
{"details": {"message": "Unexpected server error", "details": {"error": "local variable 'transaction_id' referenced before assignment", "path": "/wallet/confirm-withdraw"}}, "event": "Admin Alert", "timestamp": "2025-08-11T09:05:59.703011Z", "level": "error", "logger": "alert"}
{"details": {"message": "Unexpected server error", "details": {"error": "local variable 'transaction_id' referenced before assignment", "path": "/wallet/confirm-withdraw"}}, "event": "Admin Alert", "timestamp": "2025-08-11T09:07:01.940826Z", "level": "error", "logger": "alert"}
{"details": {"message": "Unexpected server error", "details": {"error": "local variable 'transaction_id' referenced before assignment", "path": "/wallet/confirm-withdraw"}}, "event": "Admin Alert", "timestamp": "2025-08-11T09:07:01.940826Z", "level": "error", "logger": "alert"}
{"details": {"message": "Unexpected server error", "details": {"error": "local variable 'transaction_id' referenced before assignment", "path": "/wallet/confirm-withdraw"}}, "event": "Admin Alert", "timestamp": "2025-08-11T09:07:01.940826Z", "level": "error", "logger": "alert"}
{"details": {"message": "Unexpected server error", "details": {"error": "local variable 'transaction_id' referenced before assignment", "path": "/wallet/confirm-withdraw"}}, "event": "Admin Alert", "timestamp": "2025-08-11T09:07:43.567628Z", "level": "error", "logger": "alert"}
{"details": {"message": "Unexpected server error", "details": {"error": "local variable 'transaction_id' referenced before assignment", "path": "/wallet/confirm-withdraw"}}, "event": "Admin Alert", "timestamp": "2025-08-11T09:07:43.567628Z", "level": "error", "logger": "alert"}
{"details": {"message": "Unexpected server error", "details": {"error": "local variable 'transaction_id' referenced before assignment", "path": "/wallet/confirm-withdraw"}}, "event": "Admin Alert", "timestamp": "2025-08-11T09:07:43.567628Z", "level": "error", "logger": "alert"}
{"details": {"message": "Unexpected server error", "details": {"error": "local variable 'transaction_id' referenced before assignment", "path": "/wallet/confirm-withdraw"}}, "event": "Admin Alert", "timestamp": "2025-08-11T09:07:43.567628Z", "level": "error", "logger": "alert"}
{"details": {"message": "Unexpected server error", "details": {"error": "local variable 'transaction_id' referenced before assignment", "path": "/wallet/confirm-withdraw"}}, "event": "Admin Alert", "timestamp": "2025-08-15T11:33:15.983485Z", "level": "error", "logger": "alert"}
{"details": {"message": "Unexpected server error", "details": {"error": "local variable 'transaction_id' referenced before assignment", "path": "/wallet/confirm-withdraw"}}, "event": "Admin Alert", "timestamp": "2025-08-15T11:33:42.681978Z", "level": "error", "logger": "alert"}
{"details": {"message": "Unexpected server error", "details": {"error": "local variable 'transaction_id' referenced before assignment", "path": "/wallet/confirm-withdraw"}}, "event": "Admin Alert", "timestamp": "2025-08-15T11:33:42.681978Z", "level": "error", "logger": "alert"}
{"details": {"message": "OTP generation failed", "details": {"error": "2013 (HY000): Lost connection to MySQL server during query"}}, "event": "Admin Alert", "timestamp": "2025-08-15T13:54:16.214732Z", "level": "error", "logger": "alert"}
{"details": {"message": "OTP generation failed", "details": {"error": "2013 (HY000): Lost connection to MySQL server during query"}}, "event": "Admin Alert", "timestamp": "2025-08-15T13:54:31.152551Z", "level": "error", "logger": "alert"}
{"details": {"message": "OTP generation failed", "details": {"error": "2013 (HY000): Lost connection to MySQL server during query"}}, "event": "Admin Alert", "timestamp": "2025-08-15T13:54:31.152551Z", "level": "error", "logger": "alert"}
{"details": {"message": "Unexpected server error", "details": {"error": "1 validation errors:\n  {'type': 'missing', 'loc': ('response', 'transaction_id'), 'msg': 'Field required', 'input': {'status': 'failed', 'message': 'Insufficient balance'}}\n", "path": "/wallet/confirm-withdraw"}}, "event": "Admin Alert", "timestamp": "2025-08-15T14:21:50.750498Z", "level": "error", "logger": "alert"}
{"details": {"message": "Unexpected server error", "details": {"error": "1 validation errors:\n  {'type': 'string_type', 'loc': ('response', 'transaction_id'), 'msg': 'Input should be a valid string', 'input': None}\n", "path": "/wallet/confirm-withdraw"}}, "event": "Admin Alert", "timestamp": "2025-08-15T14:24:21.459400Z", "level": "error", "logger": "alert"}
